<?xml version="1.0" encoding="UTF-8" ?>
<testsuites>
<testsuite name="Dashboard module" errors="0" tests="0" failures="0" time="0" timestamp="2014-03-21T14:41:26">
</testsuite>
<testsuite name="Dashboard module.Verify that Dashboard&amp;apos;s Provisioning section is enabled" errors="0" tests="1" failures="0" time="18.188" timestamp="2014-03-21T14:41:02">
  <testcase classname="Dashboard module.Verify that Dashboard&amp;apos;s Provisioning section is enabled" name="Start Provisioning link should not be disabled" time="18.181"></testcase>
</testsuite>
<testsuite name="Dashboard module.Verify that Dashboard&amp;apos;s Creation and Management sections are disabled" errors="0" tests="2" failures="0" time="2.938" timestamp="2014-03-21T14:41:20">
  <testcase classname="Dashboard module.Verify that Dashboard&amp;apos;s Creation and Management sections are disabled" name="Start Creating link should be disabled" time="1.646"></testcase>
  <testcase classname="Dashboard module.Verify that Dashboard&amp;apos;s Creation and Management sections are disabled" name="View details link should be disabled" time="1.29"></testcase>
</testsuite>
<testsuite name="Dashboard module.Navigate to Provisioning page" errors="0" tests="1" failures="0" time="3.43" timestamp="2014-03-21T14:41:23">
  <testcase classname="Dashboard module.Navigate to Provisioning page" name="View details link should not be disabled" time="3.429"></testcase>
</testsuite>
</testsuites>