<?xml version="1.0" encoding="UTF-8" ?>
<testsuites>
<testsuite name="Dashboard module" errors="0" tests="0" failures="0" time="0" timestamp="2014-03-20T17:54:25">
</testsuite>
<testsuite name="Dashboard module.Verify that Dashboard&amp;apos;s Provisioning section is enabled" errors="0" tests="1" failures="0" time="11.863" timestamp="2014-03-20T17:54:05">
  <testcase classname="Dashboard module.Verify that Dashboard&amp;apos;s Provisioning section is enabled" name="Start Provisioning link should not be disabled" time="11.862"></testcase>
</testsuite>
<testsuite name="Dashboard module.Verify that Dashboard&amp;apos;s Creation and Management sections are disabled" errors="0" tests="2" failures="0" time="2.673" timestamp="2014-03-20T17:54:17">
  <testcase classname="Dashboard module.Verify that Dashboard&amp;apos;s Creation and Management sections are disabled" name="Start Creating link should be disabled" time="1.499"></testcase>
  <testcase classname="Dashboard module.Verify that Dashboard&amp;apos;s Creation and Management sections are disabled" name="View details link should be disabled" time="1.174"></testcase>
</testsuite>
<testsuite name="Dashboard module.Navigate to Provisioning page" errors="0" tests="1" failures="0" time="3.49" timestamp="2014-03-20T17:54:20">
  <testcase classname="Dashboard module.Navigate to Provisioning page" name="View details link should not be disabled" time="3.49"></testcase>
</testsuite>
<testsuite name="Dashboard module.Verify that Dashboard&amp;apos;s test fail" errors="0" tests="1" failures="1" time="1.182" timestamp="2014-03-20T17:54:23">
  <testcase classname="Dashboard module.Verify that Dashboard&amp;apos;s test fail" name="View details link should not be disabled" time="1.178"><failure type="expect" message="Expected &amp;apos;btn btn-default disabled&amp;apos; not to contain &amp;apos;disabled&amp;apos;.">Error: Expected &amp;apos;btn btn-default disabled&amp;apos; not to contain &amp;apos;disabled&amp;apos;.
    at new jasmine.ExpectationResult (D:\work\wmg\factory-testing-framework\protractor_tests\node_modules\grunt-protractor-runner\node_modules\protractor\node_modules\minijasminenode\lib\jasmine-1.3.1.js:137:32)
    at null.toContain (D:\work\wmg\factory-testing-framework\protractor_tests\node_modules\grunt-protractor-runner\node_modules\protractor\node_modules\minijasminenode\lib\jasmine-1.3.1.js:1339:29)
    at D:\work\wmg\factory-testing-framework\protractor_tests\tests\pages\main.js:24:29
    at D:\work\wmg\factory-testing-framework\protractor_tests\node_modules\grunt-protractor-runner\node_modules\protractor\node_modules\selenium-webdriver\lib\goog\base.js:1178:15
    at webdriver.promise.ControlFlow.runInNewFrame_ (D:\work\wmg\factory-testing-framework\protractor_tests\node_modules\grunt-protractor-runner\node_modules\protractor\node_modules\selenium-webdriver\lib\webdriver\promise.js:1598:20)
    at notify (D:\work\wmg\factory-testing-framework\protractor_tests\node_modules\grunt-protractor-runner\node_modules\protractor\node_modules\selenium-webdriver\lib\webdriver\promise.js:428:12)
    at notifyAll (D:\work\wmg\factory-testing-framework\protractor_tests\node_modules\grunt-protractor-runner\node_modules\protractor\node_modules\selenium-webdriver\lib\webdriver\promise.js:397:7)
    at resolve (D:\work\wmg\factory-testing-framework\protractor_tests\node_modules\grunt-protractor-runner\node_modules\protractor\node_modules\selenium-webdriver\lib\webdriver\promise.js:375:7)
    at fulfill (D:\work\wmg\factory-testing-framework\protractor_tests\node_modules\grunt-protractor-runner\node_modules\protractor\node_modules\selenium-webdriver\lib\webdriver\promise.js:493:5)
    at D:\work\wmg\factory-testing-framework\protractor_tests\node_modules\grunt-protractor-runner\node_modules\protractor\node_modules\selenium-webdriver\lib\goog\base.js:1178:15</failure></testcase>
</testsuite>
</testsuites>