<?xml version="1.0" encoding="UTF-8" ?>
<testsuites>
<testsuite name="Provisioning module" errors="0" tests="0" failures="0" time="0" timestamp="2014-03-20T11:51:58">
</testsuite>
<testsuite name="Provisioning module. First step" errors="0" tests="0" failures="0" time="0" timestamp="2014-03-20T11:51:58">
</testsuite>
<testsuite name="Provisioning module. First step.Select user in typeahead" errors="0" tests="7" failures="0" time="11.251" timestamp="2014-03-20T11:51:46">
  <testcase classname="Provisioning module. First step.Select user in typeahead" name="typeahead input should be present" time="3.269"></testcase>
  <testcase classname="Provisioning module. First step.Select user in typeahead" name="set value for typeahead" time="1.342"></testcase>
  <testcase classname="Provisioning module. First step.Select user in typeahead" name="list of suggestions is displayed" time="1.158"></testcase>
  <testcase classname="Provisioning module. First step.Select user in typeahead" name="select &amp;quot;Sam, Alexander&amp;quot; from suggestions list" time="1.388"></testcase>
  <testcase classname="Provisioning module. First step.Select user in typeahead" name="user should see item &amp;quot;Sam, Alexander&amp;quot; in typeahead step 1" time="1.343"></testcase>
  <testcase classname="Provisioning module. First step.Select user in typeahead" name="user clicks on tag option &amp;quot;Sam, Alexander&amp;quot; in step 1" time="1.423"></testcase>
  <testcase classname="Provisioning module. First step.Select user in typeahead" name="currently editing is &amp;quot;Sam, Alexander&amp;quot;" time="1.318"></testcase>
</testsuite>
</testsuites>